[debug] [2024-01-01T04:23:38.498Z] ----------------------------------------------------------------------
[debug] [2024-01-01T04:23:38.504Z] Command:       C:\Program Files\nodejs\node.exe C:\Users\GODWIN\AppData\Roaming\npm\node_modules\firebase-tools\lib\bin\firebase.js init
[debug] [2024-01-01T04:23:38.505Z] CLI Version:   13.0.2
[debug] [2024-01-01T04:23:38.505Z] Platform:      win32
[debug] [2024-01-01T04:23:38.505Z] Node Version:  v20.7.0
[debug] [2024-01-01T04:23:38.506Z] Time:          Sun Dec 31 2023 20:23:38 GMT-0800 (Pacific Standard Time)
[debug] [2024-01-01T04:23:38.506Z] ----------------------------------------------------------------------
[debug] 
[debug] [2024-01-01T04:23:38.521Z] > command requires scopes: ["email","openid","https://www.googleapis.com/auth/cloudplatformprojects.readonly","https://www.googleapis.com/auth/firebase","https://www.googleapis.com/auth/cloud-platform"]
[debug] [2024-01-01T04:23:38.522Z] > authorizing via signed-in user (ghorizongroups@gmail.com)
[info] 
     ######## #### ########  ######## ########     ###     ######  ########
     ##        ##  ##     ## ##       ##     ##  ##   ##  ##       ##
     ######    ##  ########  ######   ########  #########  ######  ######
     ##        ##  ##    ##  ##       ##     ## ##     ##       ## ##
     ##       #### ##     ## ######## ########  ##     ##  ######  ########

You're about to initialize a Firebase project in this directory:

  C:\Users\GODWIN\Desktop\VisaDoc\VisaDoc Web\visadoc nextjs\visadocweb

[info] 
=== Project Setup
[info] 
[info] First, let's associate this project directory with a Firebase project.
[info] You can create multiple project aliases by running firebase use --add, 
[info] but for now we'll just set up a default project.
[info] 
[debug] [2024-01-01T04:24:59.869Z] > refreshing access token with scopes: []
[debug] [2024-01-01T04:24:59.873Z] >>> [apiv2][query] POST https://www.googleapis.com/oauth2/v3/token [none]
[debug] [2024-01-01T04:24:59.874Z] >>> [apiv2][body] POST https://www.googleapis.com/oauth2/v3/token [omitted]
[debug] [2024-01-01T04:25:00.584Z] <<< [apiv2][status] POST https://www.googleapis.com/oauth2/v3/token 200
[debug] [2024-01-01T04:25:00.585Z] <<< [apiv2][body] POST https://www.googleapis.com/oauth2/v3/token [omitted]
[debug] [2024-01-01T04:25:00.681Z] >>> [apiv2][query] GET https://firebase.googleapis.com/v1beta1/projects pageSize=100
[debug] [2024-01-01T04:25:01.488Z] <<< [apiv2][status] GET https://firebase.googleapis.com/v1beta1/projects 200
[debug] [2024-01-01T04:25:01.489Z] <<< [apiv2][body] GET https://firebase.googleapis.com/v1beta1/projects [omitted]
[info] i  Using project visadoc-1c7a1 (visadoc) 
[info] 
=== Hosting Setup
[debug] [2024-01-01T04:25:18.224Z] >>> [apiv2][query] GET https://firebase.googleapis.com/v1beta1/projects/visadoc-1c7a1 [none]
[debug] [2024-01-01T04:25:18.843Z] <<< [apiv2][status] GET https://firebase.googleapis.com/v1beta1/projects/visadoc-1c7a1 200
[debug] [2024-01-01T04:25:18.845Z] <<< [apiv2][body] GET https://firebase.googleapis.com/v1beta1/projects/visadoc-1c7a1 {"projectId":"visadoc-1c7a1","projectNumber":"758515798098","displayName":"visadoc","name":"projects/visadoc-1c7a1","resources":{"hostingSite":"visadoc-1c7a1","realtimeDatabaseInstance":"visadoc-1c7a1-default-rtdb","storageBucket":"visadoc-1c7a1.appspot.com","locationId":"us-central"},"state":"ACTIVE","etag":"1_e48d6757-83a0-4947-b3ec-bd95308365ef"}
[info] 
[info] Your public directory is the folder (relative to your project directory) that
[info] will contain Hosting assets to be uploaded with firebase deploy. If you
[info] have a build process for your assets, use your build's output directory.
[info] 
[info] +  Wrote public/404.html 
[debug] [2024-01-01T04:26:34.793Z] >>> [apiv2][query] GET https://www.gstatic.com/firebasejs/releases.json [none]
[debug] [2024-01-01T04:26:35.238Z] <<< [apiv2][status] GET https://www.gstatic.com/firebasejs/releases.json 200
[debug] [2024-01-01T04:26:35.239Z] <<< [apiv2][body] GET https://www.gstatic.com/firebasejs/releases.json {"current":{"version":"10.7.1","browserURL":"https://www.gstatic.com/firebasejs/10.7.1/firebase.js","packageURL":"https://www.gstatic.com/firebasejs/10.7.1/firebase.tgz"},"live":{"version":"10.7","browserURL":"https://www.gstatic.com/firebasejs/live/10.7/firebase.js","packageURL":"https://www.gstatic.com/firebasejs/live/10.7/firebase.tgz"},"components":{"analytics":"https://www.gstatic.com/firebasejs/10.7.1/firebase-analytics.js","app":"https://www.gstatic.com/firebasejs/10.7.1/firebase-app.js","app-check":"https://www.gstatic.com/firebasejs/10.7.1/firebase-app-check.js","auth":"https://www.gstatic.com/firebasejs/10.7.1/firebase-auth.js","auth/cordova":"https://www.gstatic.com/firebasejs/10.7.1/firebase-auth/cordova.js","functions":"https://www.gstatic.com/firebasejs/10.7.1/firebase-functions.js","firestore":"https://www.gstatic.com/firebasejs/10.7.1/firebase-firestore.js","firestore/lite":"https://www.gstatic.com/firebasejs/10.7.1/firebase-firestore/lite.js","installations":"https://www.gstatic.com/firebasejs/10.7.1/firebase-installations.js","storage":"https://www.gstatic.com/firebasejs/10.7.1/firebase-storage.js","performance":"https://www.gstatic.com/firebasejs/10.7.1/firebase-performance.js","remote-config":"https://www.gstatic.com/firebasejs/10.7.1/firebase-remote-config.js","messaging":"https://www.gstatic.com/firebasejs/10.7.1/firebase-messaging.js","messaging/sw":"https://www.gstatic.com/firebasejs/10.7.1/firebase-messaging/sw.js","database":"https://www.gstatic.com/firebasejs/10.7.1/firebase-database.js","firestore.memory":"https://www.gstatic.com/firebasejs/10.7.1/firebase-firestore.memory.js"}}
[info] +  Wrote public/index.html 
[info] 
[info] i  Detected a .git folder at C:\Users\GODWIN\Desktop\VisaDoc\VisaDoc Web\visadoc nextjs\visadocweb 
[info] i  Authorizing with GitHub to upload your service account to a GitHub repository's secrets store. 
[info] 
[info] Visit this URL on this device to log in:
[info] https://github.com/login/oauth/authorize?client_id=89cf50f02ac6aaed3484&state=816016567&redirect_uri=http%3A%2F%2Flocalhost%3A9005&scope=read%3Auser%20repo%20public_repo
[info] 
[info] Waiting for authentication...
[debug] [2024-01-01T04:26:47.171Z] >>> [apiv2][query] POST https://github.com/login/oauth/access_token [none]
[debug] [2024-01-01T04:26:47.172Z] >>> [apiv2][body] POST https://github.com/login/oauth/access_token [stream]
[debug] [2024-01-01T04:26:47.938Z] <<< [apiv2][status] POST https://github.com/login/oauth/access_token 200
[debug] [2024-01-01T04:26:47.939Z] <<< [apiv2][body] POST https://github.com/login/oauth/access_token {"access_token":"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","token_type":"bearer","scope":"read:user,repo"}
[debug] [2024-01-01T04:26:48.053Z] >>> [apiv2][query] GET https://api.github.com/user [none]
[debug] [2024-01-01T04:26:48.755Z] <<< [apiv2][status] GET https://api.github.com/user 200
[debug] [2024-01-01T04:26:48.756Z] <<< [apiv2][body] GET https://api.github.com/user {"login":"GHORIZONPROJECTS","id":108483156,"node_id":"U_kgDOBndSVA","avatar_url":"https://avatars.githubusercontent.com/u/108483156?v=4","gravatar_id":"","url":"https://api.github.com/users/GHORIZONPROJECTS","html_url":"https://github.com/GHORIZONPROJECTS","followers_url":"https://api.github.com/users/GHORIZONPROJECTS/followers","following_url":"https://api.github.com/users/GHORIZONPROJECTS/following{/other_user}","gists_url":"https://api.github.com/users/GHORIZONPROJECTS/gists{/gist_id}","starred_url":"https://api.github.com/users/GHORIZONPROJECTS/starred{/owner}{/repo}","subscriptions_url":"https://api.github.com/users/GHORIZONPROJECTS/subscriptions","organizations_url":"https://api.github.com/users/GHORIZONPROJECTS/orgs","repos_url":"https://api.github.com/users/GHORIZONPROJECTS/repos","events_url":"https://api.github.com/users/GHORIZONPROJECTS/events{/privacy}","received_events_url":"https://api.github.com/users/GHORIZONPROJECTS/received_events","type":"User","site_admin":false,"name":"G-HORIZON","company":"G-Horizon International","blog":"","location":"Lagos, Nigeria","email":null,"hireable":null,"bio":null,"twitter_username":null,"public_repos":10,"public_gists":0,"followers":0,"following":0,"created_at":"2022-06-30T16:29:22Z","updated_at":"2023-12-14T22:11:34Z","private_gists":0,"total_private_repos":1,"owned_private_repos":1,"disk_usage":217841,"collaborators":0,"two_factor_authentication":false,"plan":{"name":"free","space":976562499,"collaborators":0,"private_repos":10000}}
[info] 
[info] +  Success! Logged into GitHub as GHORIZONPROJECTS 
[info] 
